mkdir -p result_row-3
cp csv/BENCH_row-3.csv result_row-3/BENCH.csv
mkdir -p result_row-3/log

START solving problems in csv/BENCH_row-3.csv
BEGIN grid3×1.col mis-basic [Wed Jan 14 12:51:32 2026]
Running: gtime -v gtimeout 1800 ./target/release/maxmin_cadical mis-basic benchmark_row-3/grid3×1.col  > result_row-3/log/grid3×1.col__mis-basic.log 2>&1 < /dev/null
END grid3×1.col mis-basic [Wed Jan 14 12:51:32 2026]

BEGIN grid3×1.col mds-basic [Wed Jan 14 12:51:32 2026]
Running: gtime -v gtimeout 1800 ./target/release/maxmin_cadical mds-basic benchmark_row-3/grid3×1.col  > result_row-3/log/grid3×1.col__mds-basic.log 2>&1 < /dev/null
END grid3×1.col mds-basic [Wed Jan 14 12:51:32 2026]

BEGIN grid3×1.col mis-trans [Wed Jan 14 12:51:32 2026]
Running: gtime -v gtimeout 1800 ./target/release/maxmin_cadical mis-trans benchmark_row-3/grid3×1.col  > result_row-3/log/grid3×1.col__mis-trans.log 2>&1 < /dev/null
END grid3×1.col mis-trans [Wed Jan 14 12:51:32 2026]

BEGIN grid3×1.col mds-trans [Wed Jan 14 12:51:32 2026]
Running: gtime -v gtimeout 1800 ./target/release/maxmin_cadical mds-trans benchmark_row-3/grid3×1.col  > result_row-3/log/grid3×1.col__mds-trans.log 2>&1 < /dev/null
END grid3×1.col mds-trans [Wed Jan 14 12:51:32 2026]

BEGIN grid3×10.col mis-basic [Wed Jan 14 12:51:32 2026]
Running: gtime -v gtimeout 1800 ./target/release/maxmin_cadical mis-basic benchmark_row-3/grid3×10.col  > result_row-3/log/grid3×10.col__mis-basic.log 2>&1 < /dev/null
END grid3×10.col mis-basic [Wed Jan 14 12:51:35 2026]

BEGIN grid3×10.col mds-basic [Wed Jan 14 12:51:35 2026]
Running: gtime -v gtimeout 1800 ./target/release/maxmin_cadical mds-basic benchmark_row-3/grid3×10.col  > result_row-3/log/grid3×10.col__mds-basic.log 2>&1 < /dev/null
END grid3×10.col mds-basic [Wed Jan 14 13:14:47 2026]

BEGIN grid3×10.col mis-trans [Wed Jan 14 13:14:47 2026]
Running: gtime -v gtimeout 1800 ./target/release/maxmin_cadical mis-trans benchmark_row-3/grid3×10.col  > result_row-3/log/grid3×10.col__mis-trans.log 2>&1 < /dev/null
END grid3×10.col mis-trans [Wed Jan 14 13:14:47 2026]

BEGIN grid3×10.col mds-trans [Wed Jan 14 13:14:47 2026]
Running: gtime -v gtimeout 1800 ./target/release/maxmin_cadical mds-trans benchmark_row-3/grid3×10.col  > result_row-3/log/grid3×10.col__mds-trans.log 2>&1 < /dev/null
END grid3×10.col mds-trans [Wed Jan 14 13:14:50 2026]

BEGIN grid3×11.col mis-basic [Wed Jan 14 13:14:50 2026]
Running: gtime -v gtimeout 1800 ./target/release/maxmin_cadical mis-basic benchmark_row-3/grid3×11.col  > result_row-3/log/grid3×11.col__mis-basic.log 2>&1 < /dev/null
END grid3×11.col mis-basic [Wed Jan 14 13:15:16 2026]

BEGIN grid3×11.col mds-basic [Wed Jan 14 13:15:16 2026]
Running: gtime -v gtimeout 1800 ./target/release/maxmin_cadical mds-basic benchmark_row-3/grid3×11.col  > result_row-3/log/grid3×11.col__mds-basic.log 2>&1 < /dev/null
END grid3×11.col mds-basic [Wed Jan 14 13:45:16 2026]

BEGIN grid3×11.col mis-trans [Wed Jan 14 13:45:16 2026]
Running: gtime -v gtimeout 1800 ./target/release/maxmin_cadical mis-trans benchmark_row-3/grid3×11.col  > result_row-3/log/grid3×11.col__mis-trans.log 2>&1 < /dev/null
END grid3×11.col mis-trans [Wed Jan 14 13:45:16 2026]

BEGIN grid3×11.col mds-trans [Wed Jan 14 13:45:16 2026]
Running: gtime -v gtimeout 1800 ./target/release/maxmin_cadical mds-trans benchmark_row-3/grid3×11.col  > result_row-3/log/grid3×11.col__mds-trans.log 2>&1 < /dev/null
END grid3×11.col mds-trans [Wed Jan 14 13:45:41 2026]

BEGIN grid3×12.col mis-basic [Wed Jan 14 13:45:41 2026]
Running: gtime -v gtimeout 1800 ./target/release/maxmin_cadical mis-basic benchmark_row-3/grid3×12.col  > result_row-3/log/grid3×12.col__mis-basic.log 2>&1 < /dev/null
END grid3×12.col mis-basic [Wed Jan 14 13:47:39 2026]

BEGIN grid3×12.col mds-basic [Wed Jan 14 13:47:39 2026]
Running: gtime -v gtimeout 1800 ./target/release/maxmin_cadical mds-basic benchmark_row-3/grid3×12.col  > result_row-3/log/grid3×12.col__mds-basic.log 2>&1 < /dev/null
END grid3×12.col mds-basic [Wed Jan 14 14:17:39 2026]

BEGIN grid3×12.col mis-trans [Wed Jan 14 14:17:39 2026]
Running: gtime -v gtimeout 1800 ./target/release/maxmin_cadical mis-trans benchmark_row-3/grid3×12.col  > result_row-3/log/grid3×12.col__mis-trans.log 2>&1 < /dev/null
END grid3×12.col mis-trans [Wed Jan 14 14:17:39 2026]

BEGIN grid3×12.col mds-trans [Wed Jan 14 14:17:39 2026]
Running: gtime -v gtimeout 1800 ./target/release/maxmin_cadical mds-trans benchmark_row-3/grid3×12.col  > result_row-3/log/grid3×12.col__mds-trans.log 2>&1 < /dev/null
END grid3×12.col mds-trans [Wed Jan 14 14:21:09 2026]

BEGIN grid3×13.col mis-basic [Wed Jan 14 14:21:09 2026]
Running: gtime -v gtimeout 1800 ./target/release/maxmin_cadical mis-basic benchmark_row-3/grid3×13.col  > result_row-3/log/grid3×13.col__mis-basic.log 2>&1 < /dev/null
END grid3×13.col mis-basic [Wed Jan 14 14:31:10 2026]

BEGIN grid3×13.col mds-basic [Wed Jan 14 14:31:10 2026]
Running: gtime -v gtimeout 1800 ./target/release/maxmin_cadical mds-basic benchmark_row-3/grid3×13.col  > result_row-3/log/grid3×13.col__mds-basic.log 2>&1 < /dev/null
END grid3×13.col mds-basic [Wed Jan 14 15:01:10 2026]

BEGIN grid3×13.col mis-trans [Wed Jan 14 15:01:10 2026]
Running: gtime -v gtimeout 1800 ./target/release/maxmin_cadical mis-trans benchmark_row-3/grid3×13.col  > result_row-3/log/grid3×13.col__mis-trans.log 2>&1 < /dev/null
END grid3×13.col mis-trans [Wed Jan 14 15:01:10 2026]

BEGIN grid3×13.col mds-trans [Wed Jan 14 15:01:10 2026]
Running: gtime -v gtimeout 1800 ./target/release/maxmin_cadical mds-trans benchmark_row-3/grid3×13.col  > result_row-3/log/grid3×13.col__mds-trans.log 2>&1 < /dev/null
END grid3×13.col mds-trans [Wed Jan 14 15:31:10 2026]

BEGIN grid3×14.col mis-basic [Wed Jan 14 15:31:10 2026]
Running: gtime -v gtimeout 1800 ./target/release/maxmin_cadical mis-basic benchmark_row-3/grid3×14.col  > result_row-3/log/grid3×14.col__mis-basic.log 2>&1 < /dev/null
END grid3×14.col mis-basic [Wed Jan 14 16:01:10 2026]

BEGIN grid3×14.col mds-basic [Wed Jan 14 16:01:10 2026]
Running: gtime -v gtimeout 1800 ./target/release/maxmin_cadical mds-basic benchmark_row-3/grid3×14.col  > result_row-3/log/grid3×14.col__mds-basic.log 2>&1 < /dev/null
END grid3×14.col mds-basic [Wed Jan 14 16:31:10 2026]

BEGIN grid3×14.col mis-trans [Wed Jan 14 16:31:10 2026]
Running: gtime -v gtimeout 1800 ./target/release/maxmin_cadical mis-trans benchmark_row-3/grid3×14.col  > result_row-3/log/grid3×14.col__mis-trans.log 2>&1 < /dev/null
END grid3×14.col mis-trans [Wed Jan 14 16:31:12 2026]

BEGIN grid3×14.col mds-trans [Wed Jan 14 16:31:12 2026]
Running: gtime -v gtimeout 1800 ./target/release/maxmin_cadical mds-trans benchmark_row-3/grid3×14.col  > result_row-3/log/grid3×14.col__mds-trans.log 2>&1 < /dev/null
END grid3×14.col mds-trans [Wed Jan 14 17:01:12 2026]

BEGIN grid3×15.col mis-basic [Wed Jan 14 17:01:12 2026]
Running: gtime -v gtimeout 1800 ./target/release/maxmin_cadical mis-basic benchmark_row-3/grid3×15.col  > result_row-3/log/grid3×15.col__mis-basic.log 2>&1 < /dev/null
END grid3×15.col mis-basic [Wed Jan 14 17:31:12 2026]

BEGIN grid3×15.col mds-basic [Wed Jan 14 17:31:12 2026]
Running: gtime -v gtimeout 1800 ./target/release/maxmin_cadical mds-basic benchmark_row-3/grid3×15.col  > result_row-3/log/grid3×15.col__mds-basic.log 2>&1 < /dev/null
END grid3×15.col mds-basic [Wed Jan 14 18:01:12 2026]

BEGIN grid3×15.col mis-trans [Wed Jan 14 18:01:12 2026]
Running: gtime -v gtimeout 1800 ./target/release/maxmin_cadical mis-trans benchmark_row-3/grid3×15.col  > result_row-3/log/grid3×15.col__mis-trans.log 2>&1 < /dev/null
END grid3×15.col mis-trans [Wed Jan 14 18:01:17 2026]

BEGIN grid3×15.col mds-trans [Wed Jan 14 18:01:17 2026]
Running: gtime -v gtimeout 1800 ./target/release/maxmin_cadical mds-trans benchmark_row-3/grid3×15.col  > result_row-3/log/grid3×15.col__mds-trans.log 2>&1 < /dev/null
END grid3×15.col mds-trans [Wed Jan 14 18:31:17 2026]

BEGIN grid3×16.col mis-basic [Wed Jan 14 18:31:17 2026]
Running: gtime -v gtimeout 1800 ./target/release/maxmin_cadical mis-basic benchmark_row-3/grid3×16.col  > result_row-3/log/grid3×16.col__mis-basic.log 2>&1 < /dev/null
END grid3×16.col mis-basic [Wed Jan 14 19:01:17 2026]

BEGIN grid3×16.col mds-basic [Wed Jan 14 19:01:17 2026]
Running: gtime -v gtimeout 1800 ./target/release/maxmin_cadical mds-basic benchmark_row-3/grid3×16.col  > result_row-3/log/grid3×16.col__mds-basic.log 2>&1 < /dev/null
END grid3×16.col mds-basic [Wed Jan 14 19:31:17 2026]

BEGIN grid3×16.col mis-trans [Wed Jan 14 19:31:17 2026]
Running: gtime -v gtimeout 1800 ./target/release/maxmin_cadical mis-trans benchmark_row-3/grid3×16.col  > result_row-3/log/grid3×16.col__mis-trans.log 2>&1 < /dev/null
END grid3×16.col mis-trans [Wed Jan 14 19:31:41 2026]

BEGIN grid3×16.col mds-trans [Wed Jan 14 19:31:41 2026]
Running: gtime -v gtimeout 1800 ./target/release/maxmin_cadical mds-trans benchmark_row-3/grid3×16.col  > result_row-3/log/grid3×16.col__mds-trans.log 2>&1 < /dev/null
END grid3×16.col mds-trans [Wed Jan 14 20:01:41 2026]

BEGIN grid3×17.col mis-basic [Wed Jan 14 20:01:41 2026]
Running: gtime -v gtimeout 1800 ./target/release/maxmin_cadical mis-basic benchmark_row-3/grid3×17.col  > result_row-3/log/grid3×17.col__mis-basic.log 2>&1 < /dev/null
END grid3×17.col mis-basic [Wed Jan 14 20:31:41 2026]

BEGIN grid3×17.col mds-basic [Wed Jan 14 20:31:41 2026]
Running: gtime -v gtimeout 1800 ./target/release/maxmin_cadical mds-basic benchmark_row-3/grid3×17.col  > result_row-3/log/grid3×17.col__mds-basic.log 2>&1 < /dev/null
END grid3×17.col mds-basic [Wed Jan 14 21:01:41 2026]

BEGIN grid3×17.col mis-trans [Wed Jan 14 21:01:41 2026]
Running: gtime -v gtimeout 1800 ./target/release/maxmin_cadical mis-trans benchmark_row-3/grid3×17.col  > result_row-3/log/grid3×17.col__mis-trans.log 2>&1 < /dev/null
END grid3×17.col mis-trans [Wed Jan 14 21:03:31 2026]

BEGIN grid3×17.col mds-trans [Wed Jan 14 21:03:31 2026]
Running: gtime -v gtimeout 1800 ./target/release/maxmin_cadical mds-trans benchmark_row-3/grid3×17.col  > result_row-3/log/grid3×17.col__mds-trans.log 2>&1 < /dev/null
END grid3×17.col mds-trans [Wed Jan 14 21:33:31 2026]

BEGIN grid3×18.col mis-basic [Wed Jan 14 21:33:31 2026]
Running: gtime -v gtimeout 1800 ./target/release/maxmin_cadical mis-basic benchmark_row-3/grid3×18.col  > result_row-3/log/grid3×18.col__mis-basic.log 2>&1 < /dev/null
END grid3×18.col mis-basic [Wed Jan 14 22:03:31 2026]

BEGIN grid3×18.col mds-basic [Wed Jan 14 22:03:31 2026]
Running: gtime -v gtimeout 1800 ./target/release/maxmin_cadical mds-basic benchmark_row-3/grid3×18.col  > result_row-3/log/grid3×18.col__mds-basic.log 2>&1 < /dev/null
END grid3×18.col mds-basic [Wed Jan 14 22:33:31 2026]

BEGIN grid3×18.col mis-trans [Wed Jan 14 22:33:31 2026]
Running: gtime -v gtimeout 1800 ./target/release/maxmin_cadical mis-trans benchmark_row-3/grid3×18.col  > result_row-3/log/grid3×18.col__mis-trans.log 2>&1 < /dev/null
END grid3×18.col mis-trans [Wed Jan 14 22:46:08 2026]

BEGIN grid3×18.col mds-trans [Wed Jan 14 22:46:08 2026]
Running: gtime -v gtimeout 1800 ./target/release/maxmin_cadical mds-trans benchmark_row-3/grid3×18.col  > result_row-3/log/grid3×18.col__mds-trans.log 2>&1 < /dev/null
END grid3×18.col mds-trans [Wed Jan 14 23:16:08 2026]

BEGIN grid3×19.col mis-basic [Wed Jan 14 23:16:08 2026]
Running: gtime -v gtimeout 1800 ./target/release/maxmin_cadical mis-basic benchmark_row-3/grid3×19.col  > result_row-3/log/grid3×19.col__mis-basic.log 2>&1 < /dev/null
END grid3×19.col mis-basic [Wed Jan 14 23:46:08 2026]

BEGIN grid3×19.col mds-basic [Wed Jan 14 23:46:08 2026]
Running: gtime -v gtimeout 1800 ./target/release/maxmin_cadical mds-basic benchmark_row-3/grid3×19.col  > result_row-3/log/grid3×19.col__mds-basic.log 2>&1 < /dev/null
END grid3×19.col mds-basic [Thu Jan 15 00:16:08 2026]

BEGIN grid3×19.col mis-trans [Thu Jan 15 00:16:08 2026]
Running: gtime -v gtimeout 1800 ./target/release/maxmin_cadical mis-trans benchmark_row-3/grid3×19.col  > result_row-3/log/grid3×19.col__mis-trans.log 2>&1 < /dev/null
END grid3×19.col mis-trans [Thu Jan 15 00:46:08 2026]

BEGIN grid3×19.col mds-trans [Thu Jan 15 00:46:08 2026]
Running: gtime -v gtimeout 1800 ./target/release/maxmin_cadical mds-trans benchmark_row-3/grid3×19.col  > result_row-3/log/grid3×19.col__mds-trans.log 2>&1 < /dev/null
END grid3×19.col mds-trans [Thu Jan 15 01:16:08 2026]

BEGIN grid3×2.col mis-basic [Thu Jan 15 01:16:08 2026]
Running: gtime -v gtimeout 1800 ./target/release/maxmin_cadical mis-basic benchmark_row-3/grid3×2.col  > result_row-3/log/grid3×2.col__mis-basic.log 2>&1 < /dev/null
END grid3×2.col mis-basic [Thu Jan 15 01:16:08 2026]

BEGIN grid3×2.col mds-basic [Thu Jan 15 01:16:08 2026]
Running: gtime -v gtimeout 1800 ./target/release/maxmin_cadical mds-basic benchmark_row-3/grid3×2.col  > result_row-3/log/grid3×2.col__mds-basic.log 2>&1 < /dev/null
END grid3×2.col mds-basic [Thu Jan 15 01:16:08 2026]

BEGIN grid3×2.col mis-trans [Thu Jan 15 01:16:08 2026]
Running: gtime -v gtimeout 1800 ./target/release/maxmin_cadical mis-trans benchmark_row-3/grid3×2.col  > result_row-3/log/grid3×2.col__mis-trans.log 2>&1 < /dev/null
END grid3×2.col mis-trans [Thu Jan 15 01:16:08 2026]

BEGIN grid3×2.col mds-trans [Thu Jan 15 01:16:08 2026]
Running: gtime -v gtimeout 1800 ./target/release/maxmin_cadical mds-trans benchmark_row-3/grid3×2.col  > result_row-3/log/grid3×2.col__mds-trans.log 2>&1 < /dev/null
END grid3×2.col mds-trans [Thu Jan 15 01:16:08 2026]

BEGIN grid3×20.col mis-basic [Thu Jan 15 01:16:08 2026]
Running: gtime -v gtimeout 1800 ./target/release/maxmin_cadical mis-basic benchmark_row-3/grid3×20.col  > result_row-3/log/grid3×20.col__mis-basic.log 2>&1 < /dev/null
END grid3×20.col mis-basic [Thu Jan 15 01:46:08 2026]

BEGIN grid3×20.col mds-basic [Thu Jan 15 01:46:08 2026]
Running: gtime -v gtimeout 1800 ./target/release/maxmin_cadical mds-basic benchmark_row-3/grid3×20.col  > result_row-3/log/grid3×20.col__mds-basic.log 2>&1 < /dev/null
END grid3×20.col mds-basic [Thu Jan 15 02:16:08 2026]

BEGIN grid3×20.col mis-trans [Thu Jan 15 02:16:08 2026]
Running: gtime -v gtimeout 1800 ./target/release/maxmin_cadical mis-trans benchmark_row-3/grid3×20.col  > result_row-3/log/grid3×20.col__mis-trans.log 2>&1 < /dev/null
END grid3×20.col mis-trans [Thu Jan 15 02:46:08 2026]

BEGIN grid3×20.col mds-trans [Thu Jan 15 02:46:08 2026]
Running: gtime -v gtimeout 1800 ./target/release/maxmin_cadical mds-trans benchmark_row-3/grid3×20.col  > result_row-3/log/grid3×20.col__mds-trans.log 2>&1 < /dev/null
END grid3×20.col mds-trans [Thu Jan 15 03:16:09 2026]

BEGIN grid3×3.col mis-basic [Thu Jan 15 03:16:09 2026]
Running: gtime -v gtimeout 1800 ./target/release/maxmin_cadical mis-basic benchmark_row-3/grid3×3.col  > result_row-3/log/grid3×3.col__mis-basic.log 2>&1 < /dev/null
END grid3×3.col mis-basic [Thu Jan 15 03:16:09 2026]

BEGIN grid3×3.col mds-basic [Thu Jan 15 03:16:09 2026]
Running: gtime -v gtimeout 1800 ./target/release/maxmin_cadical mds-basic benchmark_row-3/grid3×3.col  > result_row-3/log/grid3×3.col__mds-basic.log 2>&1 < /dev/null
END grid3×3.col mds-basic [Thu Jan 15 03:16:09 2026]

BEGIN grid3×3.col mis-trans [Thu Jan 15 03:16:09 2026]
Running: gtime -v gtimeout 1800 ./target/release/maxmin_cadical mis-trans benchmark_row-3/grid3×3.col  > result_row-3/log/grid3×3.col__mis-trans.log 2>&1 < /dev/null
END grid3×3.col mis-trans [Thu Jan 15 03:16:09 2026]

BEGIN grid3×3.col mds-trans [Thu Jan 15 03:16:09 2026]
Running: gtime -v gtimeout 1800 ./target/release/maxmin_cadical mds-trans benchmark_row-3/grid3×3.col  > result_row-3/log/grid3×3.col__mds-trans.log 2>&1 < /dev/null
END grid3×3.col mds-trans [Thu Jan 15 03:16:09 2026]

BEGIN grid3×4.col mis-basic [Thu Jan 15 03:16:09 2026]
Running: gtime -v gtimeout 1800 ./target/release/maxmin_cadical mis-basic benchmark_row-3/grid3×4.col  > result_row-3/log/grid3×4.col__mis-basic.log 2>&1 < /dev/null
END grid3×4.col mis-basic [Thu Jan 15 03:16:09 2026]

BEGIN grid3×4.col mds-basic [Thu Jan 15 03:16:09 2026]
Running: gtime -v gtimeout 1800 ./target/release/maxmin_cadical mds-basic benchmark_row-3/grid3×4.col  > result_row-3/log/grid3×4.col__mds-basic.log 2>&1 < /dev/null
END grid3×4.col mds-basic [Thu Jan 15 03:16:09 2026]

BEGIN grid3×4.col mis-trans [Thu Jan 15 03:16:09 2026]
Running: gtime -v gtimeout 1800 ./target/release/maxmin_cadical mis-trans benchmark_row-3/grid3×4.col  > result_row-3/log/grid3×4.col__mis-trans.log 2>&1 < /dev/null
END grid3×4.col mis-trans [Thu Jan 15 03:16:09 2026]

BEGIN grid3×4.col mds-trans [Thu Jan 15 03:16:09 2026]
Running: gtime -v gtimeout 1800 ./target/release/maxmin_cadical mds-trans benchmark_row-3/grid3×4.col  > result_row-3/log/grid3×4.col__mds-trans.log 2>&1 < /dev/null
END grid3×4.col mds-trans [Thu Jan 15 03:16:09 2026]

BEGIN grid3×5.col mis-basic [Thu Jan 15 03:16:09 2026]
Running: gtime -v gtimeout 1800 ./target/release/maxmin_cadical mis-basic benchmark_row-3/grid3×5.col  > result_row-3/log/grid3×5.col__mis-basic.log 2>&1 < /dev/null
END grid3×5.col mis-basic [Thu Jan 15 03:16:09 2026]

BEGIN grid3×5.col mds-basic [Thu Jan 15 03:16:09 2026]
Running: gtime -v gtimeout 1800 ./target/release/maxmin_cadical mds-basic benchmark_row-3/grid3×5.col  > result_row-3/log/grid3×5.col__mds-basic.log 2>&1 < /dev/null
END grid3×5.col mds-basic [Thu Jan 15 03:16:09 2026]

BEGIN grid3×5.col mis-trans [Thu Jan 15 03:16:09 2026]
Running: gtime -v gtimeout 1800 ./target/release/maxmin_cadical mis-trans benchmark_row-3/grid3×5.col  > result_row-3/log/grid3×5.col__mis-trans.log 2>&1 < /dev/null
END grid3×5.col mis-trans [Thu Jan 15 03:16:09 2026]

BEGIN grid3×5.col mds-trans [Thu Jan 15 03:16:09 2026]
Running: gtime -v gtimeout 1800 ./target/release/maxmin_cadical mds-trans benchmark_row-3/grid3×5.col  > result_row-3/log/grid3×5.col__mds-trans.log 2>&1 < /dev/null
END grid3×5.col mds-trans [Thu Jan 15 03:16:09 2026]

BEGIN grid3×6.col mis-basic [Thu Jan 15 03:16:09 2026]
Running: gtime -v gtimeout 1800 ./target/release/maxmin_cadical mis-basic benchmark_row-3/grid3×6.col  > result_row-3/log/grid3×6.col__mis-basic.log 2>&1 < /dev/null
END grid3×6.col mis-basic [Thu Jan 15 03:16:09 2026]

BEGIN grid3×6.col mds-basic [Thu Jan 15 03:16:09 2026]
Running: gtime -v gtimeout 1800 ./target/release/maxmin_cadical mds-basic benchmark_row-3/grid3×6.col  > result_row-3/log/grid3×6.col__mds-basic.log 2>&1 < /dev/null
END grid3×6.col mds-basic [Thu Jan 15 03:16:09 2026]

BEGIN grid3×6.col mis-trans [Thu Jan 15 03:16:09 2026]
Running: gtime -v gtimeout 1800 ./target/release/maxmin_cadical mis-trans benchmark_row-3/grid3×6.col  > result_row-3/log/grid3×6.col__mis-trans.log 2>&1 < /dev/null
END grid3×6.col mis-trans [Thu Jan 15 03:16:09 2026]

BEGIN grid3×6.col mds-trans [Thu Jan 15 03:16:09 2026]
Running: gtime -v gtimeout 1800 ./target/release/maxmin_cadical mds-trans benchmark_row-3/grid3×6.col  > result_row-3/log/grid3×6.col__mds-trans.log 2>&1 < /dev/null
END grid3×6.col mds-trans [Thu Jan 15 03:16:09 2026]

BEGIN grid3×7.col mis-basic [Thu Jan 15 03:16:09 2026]
Running: gtime -v gtimeout 1800 ./target/release/maxmin_cadical mis-basic benchmark_row-3/grid3×7.col  > result_row-3/log/grid3×7.col__mis-basic.log 2>&1 < /dev/null
END grid3×7.col mis-basic [Thu Jan 15 03:16:09 2026]

BEGIN grid3×7.col mds-basic [Thu Jan 15 03:16:09 2026]
Running: gtime -v gtimeout 1800 ./target/release/maxmin_cadical mds-basic benchmark_row-3/grid3×7.col  > result_row-3/log/grid3×7.col__mds-basic.log 2>&1 < /dev/null
END grid3×7.col mds-basic [Thu Jan 15 03:16:11 2026]

BEGIN grid3×7.col mis-trans [Thu Jan 15 03:16:11 2026]
Running: gtime -v gtimeout 1800 ./target/release/maxmin_cadical mis-trans benchmark_row-3/grid3×7.col  > result_row-3/log/grid3×7.col__mis-trans.log 2>&1 < /dev/null
END grid3×7.col mis-trans [Thu Jan 15 03:16:11 2026]

BEGIN grid3×7.col mds-trans [Thu Jan 15 03:16:11 2026]
Running: gtime -v gtimeout 1800 ./target/release/maxmin_cadical mds-trans benchmark_row-3/grid3×7.col  > result_row-3/log/grid3×7.col__mds-trans.log 2>&1 < /dev/null
END grid3×7.col mds-trans [Thu Jan 15 03:16:11 2026]

BEGIN grid3×8.col mis-basic [Thu Jan 15 03:16:11 2026]
Running: gtime -v gtimeout 1800 ./target/release/maxmin_cadical mis-basic benchmark_row-3/grid3×8.col  > result_row-3/log/grid3×8.col__mis-basic.log 2>&1 < /dev/null
END grid3×8.col mis-basic [Thu Jan 15 03:16:11 2026]

BEGIN grid3×8.col mds-basic [Thu Jan 15 03:16:11 2026]
Running: gtime -v gtimeout 1800 ./target/release/maxmin_cadical mds-basic benchmark_row-3/grid3×8.col  > result_row-3/log/grid3×8.col__mds-basic.log 2>&1 < /dev/null
END grid3×8.col mds-basic [Thu Jan 15 03:16:38 2026]

BEGIN grid3×8.col mis-trans [Thu Jan 15 03:16:38 2026]
Running: gtime -v gtimeout 1800 ./target/release/maxmin_cadical mis-trans benchmark_row-3/grid3×8.col  > result_row-3/log/grid3×8.col__mis-trans.log 2>&1 < /dev/null
END grid3×8.col mis-trans [Thu Jan 15 03:16:38 2026]

BEGIN grid3×8.col mds-trans [Thu Jan 15 03:16:38 2026]
Running: gtime -v gtimeout 1800 ./target/release/maxmin_cadical mds-trans benchmark_row-3/grid3×8.col  > result_row-3/log/grid3×8.col__mds-trans.log 2>&1 < /dev/null
END grid3×8.col mds-trans [Thu Jan 15 03:16:38 2026]

BEGIN grid3×9.col mis-basic [Thu Jan 15 03:16:38 2026]
Running: gtime -v gtimeout 1800 ./target/release/maxmin_cadical mis-basic benchmark_row-3/grid3×9.col  > result_row-3/log/grid3×9.col__mis-basic.log 2>&1 < /dev/null
END grid3×9.col mis-basic [Thu Jan 15 03:16:39 2026]

BEGIN grid3×9.col mds-basic [Thu Jan 15 03:16:39 2026]
Running: gtime -v gtimeout 1800 ./target/release/maxmin_cadical mds-basic benchmark_row-3/grid3×9.col  > result_row-3/log/grid3×9.col__mds-basic.log 2>&1 < /dev/null
END grid3×9.col mds-basic [Thu Jan 15 03:19:43 2026]

BEGIN grid3×9.col mis-trans [Thu Jan 15 03:19:43 2026]
Running: gtime -v gtimeout 1800 ./target/release/maxmin_cadical mis-trans benchmark_row-3/grid3×9.col  > result_row-3/log/grid3×9.col__mis-trans.log 2>&1 < /dev/null
END grid3×9.col mis-trans [Thu Jan 15 03:19:43 2026]

BEGIN grid3×9.col mds-trans [Thu Jan 15 03:19:43 2026]
Running: gtime -v gtimeout 1800 ./target/release/maxmin_cadical mds-trans benchmark_row-3/grid3×9.col  > result_row-3/log/grid3×9.col__mds-trans.log 2>&1 < /dev/null
END grid3×9.col mds-trans [Thu Jan 15 03:19:43 2026]

FINISH solving problems in csv/BENCH_row-3.csv
See result_row-3
